This file contains any messages produced by compilers while
running configure, to aid debugging if configure makes a mistake.

It was created by noip configure 0.1, which was
generated by GNU Autoconf 2.69.  Invocation command line was

  $ /home/harry/NOIP/configure --enable-maintainer-mode CFLAGS=-g -O0 CXXFLAGS=-g -O0 JFLAGS=-g -O0 FFLAGS=-g -O0

## --------- ##
## Platform. ##
## --------- ##

hostname = localhost.localdomain
uname -m = x86_64
uname -r = 4.17.9-200.fc28.x86_64
uname -s = Linux
uname -v = #1 SMP Mon Jul 23 21:41:29 UTC 2018

/usr/bin/uname -p = x86_64
/bin/uname -X     = unknown

/bin/arch              = x86_64
/usr/bin/arch -k       = unknown
/usr/convex/getsysinfo = unknown
/usr/bin/hostinfo      = unknown
/bin/machine           = unknown
/usr/bin/oslevel       = unknown
/bin/universe          = unknown

PATH: /usr/share/Modules/bin
PATH: /usr/local/bin
PATH: /usr/local/sbin
PATH: /usr/bin
PATH: /usr/sbin
PATH: /home/harry/.local/bin
PATH: /home/harry/bin


## ----------- ##
## Core tests. ##
## ----------- ##

configure:2440: checking for a BSD-compatible install
configure:2508: result: /usr/bin/install -c
configure:2519: checking whether build environment is sane
configure:2574: result: yes
configure:2725: checking for a thread-safe mkdir -p
configure:2764: result: /usr/bin/mkdir -p
configure:2771: checking for gawk
configure:2787: found /usr/bin/gawk
configure:2798: result: gawk
configure:2809: checking whether make sets $(MAKE)
configure:2831: result: yes
configure:2860: checking whether make supports nested variables
configure:2877: result: yes
configure:3015: checking whether make supports nested variables
configure:3032: result: yes
configure:3102: checking for g++
configure:3118: found /usr/bin/g++
configure:3129: result: g++
configure:3156: checking for C++ compiler version
configure:3165: g++ --version >&5
g++ (GCC) 8.1.1 20180712 (Red Hat 8.1.1-5)
Copyright (C) 2018 Free Software Foundation, Inc.
This is free software; see the source for copying conditions.  There is NO
warranty; not even for MERCHANTABILITY or FITNESS FOR A PARTICULAR PURPOSE.

configure:3176: $? = 0
configure:3165: g++ -v >&5
Using built-in specs.
COLLECT_GCC=g++
COLLECT_LTO_WRAPPER=/usr/libexec/gcc/x86_64-redhat-linux/8/lto-wrapper
OFFLOAD_TARGET_NAMES=nvptx-none
OFFLOAD_TARGET_DEFAULT=1
Target: x86_64-redhat-linux
Configured with: ../configure --enable-bootstrap --enable-languages=c,c++,fortran,objc,obj-c++,ada,go,lto --prefix=/usr --mandir=/usr/share/man --infodir=/usr/share/info --with-bugurl=http://bugzilla.redhat.com/bugzilla --enable-shared --enable-threads=posix --enable-checking=release --enable-multilib --with-system-zlib --enable-__cxa_atexit --disable-libunwind-exceptions --enable-gnu-unique-object --enable-linker-build-id --with-gcc-major-version-only --with-linker-hash-style=gnu --enable-plugin --enable-initfini-array --with-isl --enable-libmpx --enable-offload-targets=nvptx-none --without-cuda-driver --enable-gnu-indirect-function --enable-cet --with-tune=generic --with-arch_32=i686 --build=x86_64-redhat-linux
Thread model: posix
gcc version 8.1.1 20180712 (Red Hat 8.1.1-5) (GCC) 
configure:3176: $? = 0
configure:3165: g++ -V >&5
g++: error: unrecognized command line option '-V'
g++: fatal error: no input files
compilation terminated.
configure:3176: $? = 1
configure:3165: g++ -qversion >&5
g++: error: unrecognized command line option '-qversion'; did you mean '--version'?
g++: fatal error: no input files
compilation terminated.
configure:3176: $? = 1
configure:3196: checking whether the C++ compiler works
configure:3218: g++ -g -O0   conftest.cpp  >&5
configure:3222: $? = 0
configure:3270: result: yes
configure:3273: checking for C++ compiler default output file name
configure:3275: result: a.out
configure:3281: checking for suffix of executables
configure:3288: g++ -o conftest -g -O0   conftest.cpp  >&5
configure:3292: $? = 0
configure:3314: result: 
configure:3336: checking whether we are cross compiling
configure:3344: g++ -o conftest -g -O0   conftest.cpp  >&5
configure:3348: $? = 0
configure:3355: ./conftest
configure:3359: $? = 0
configure:3374: result: no
configure:3379: checking for suffix of object files
configure:3401: g++ -c -g -O0  conftest.cpp >&5
configure:3405: $? = 0
configure:3426: result: o
configure:3430: checking whether we are using the GNU C++ compiler
configure:3449: g++ -c -g -O0  conftest.cpp >&5
configure:3449: $? = 0
configure:3458: result: yes
configure:3467: checking whether g++ accepts -g
configure:3487: g++ -c -g  conftest.cpp >&5
configure:3487: $? = 0
configure:3528: result: yes
configure:3562: checking for style of include used by make
configure:3590: result: GNU
configure:3616: checking dependency style of g++
configure:3727: result: gcc3
configure:3747: checking whether NLS is requested
configure:3756: result: yes
configure:3774: checking for intltool >= 0.35.0
configure:3776: result: 0.51.0 found
configure:3784: checking for intltool-update
configure:3802: found /usr/bin/intltool-update
configure:3814: result: /usr/bin/intltool-update
configure:3824: checking for intltool-merge
configure:3842: found /usr/bin/intltool-merge
configure:3854: result: /usr/bin/intltool-merge
configure:3864: checking for intltool-extract
configure:3882: found /usr/bin/intltool-extract
configure:3894: result: /usr/bin/intltool-extract
configure:4048: checking for xgettext
configure:4066: found /usr/bin/xgettext
configure:4078: result: /usr/bin/xgettext
configure:4088: checking for msgmerge
configure:4106: found /usr/bin/msgmerge
configure:4118: result: /usr/bin/msgmerge
configure:4128: checking for msgfmt
configure:4146: found /usr/bin/msgfmt
configure:4158: result: /usr/bin/msgfmt
configure:4168: checking for gmsgfmt
configure:4199: result: /usr/bin/msgfmt
configure:4219: checking for perl
configure:4237: found /usr/bin/perl
configure:4249: result: /usr/bin/perl
configure:4260: checking for perl >= 5.8.1
configure:4267: result: 5.26.2
configure:4271: checking for XML::Parser
configure:4274: result: ok
configure:4343: checking for gcc
configure:4359: found /usr/bin/gcc
configure:4370: result: gcc
configure:4599: checking for C compiler version
configure:4608: gcc --version >&5
gcc (GCC) 8.1.1 20180712 (Red Hat 8.1.1-5)
Copyright (C) 2018 Free Software Foundation, Inc.
This is free software; see the source for copying conditions.  There is NO
warranty; not even for MERCHANTABILITY or FITNESS FOR A PARTICULAR PURPOSE.

configure:4619: $? = 0
configure:4608: gcc -v >&5
Using built-in specs.
COLLECT_GCC=gcc
COLLECT_LTO_WRAPPER=/usr/libexec/gcc/x86_64-redhat-linux/8/lto-wrapper
OFFLOAD_TARGET_NAMES=nvptx-none
OFFLOAD_TARGET_DEFAULT=1
Target: x86_64-redhat-linux
Configured with: ../configure --enable-bootstrap --enable-languages=c,c++,fortran,objc,obj-c++,ada,go,lto --prefix=/usr --mandir=/usr/share/man --infodir=/usr/share/info --with-bugurl=http://bugzilla.redhat.com/bugzilla --enable-shared --enable-threads=posix --enable-checking=release --enable-multilib --with-system-zlib --enable-__cxa_atexit --disable-libunwind-exceptions --enable-gnu-unique-object --enable-linker-build-id --with-gcc-major-version-only --with-linker-hash-style=gnu --enable-plugin --enable-initfini-array --with-isl --enable-libmpx --enable-offload-targets=nvptx-none --without-cuda-driver --enable-gnu-indirect-function --enable-cet --with-tune=generic --with-arch_32=i686 --build=x86_64-redhat-linux
Thread model: posix
gcc version 8.1.1 20180712 (Red Hat 8.1.1-5) (GCC) 
configure:4619: $? = 0
configure:4608: gcc -V >&5
gcc: error: unrecognized command line option '-V'
gcc: fatal error: no input files
compilation terminated.
configure:4619: $? = 1
configure:4608: gcc -qversion >&5
gcc: error: unrecognized command line option '-qversion'; did you mean '--version'?
gcc: fatal error: no input files
compilation terminated.
configure:4619: $? = 1
configure:4623: checking whether we are using the GNU C compiler
configure:4642: gcc -c -g -O0  conftest.c >&5
configure:4642: $? = 0
configure:4651: result: yes
configure:4660: checking whether gcc accepts -g
configure:4680: gcc -c -g  conftest.c >&5
configure:4680: $? = 0
configure:4721: result: yes
configure:4738: checking for gcc option to accept ISO C89
configure:4801: gcc  -c -g -O0  conftest.c >&5
configure:4801: $? = 0
configure:4814: result: none needed
configure:4839: checking whether gcc understands -c and -o together
configure:4861: gcc -c conftest.c -o conftest2.o
configure:4864: $? = 0
configure:4861: gcc -c conftest.c -o conftest2.o
configure:4864: $? = 0
configure:4876: result: yes
configure:4895: checking dependency style of gcc
configure:5006: result: gcc3
configure:5027: checking how to run the C preprocessor
configure:5058: gcc -E  conftest.c
configure:5058: $? = 0
configure:5072: gcc -E  conftest.c
conftest.c:12:10: fatal error: ac_nonexistent.h: No such file or directory
 #include <ac_nonexistent.h>
          ^~~~~~~~~~~~~~~~~~
compilation terminated.
configure:5072: $? = 1
configure: failed program was:
| /* confdefs.h */
| #define PACKAGE_NAME "noip"
| #define PACKAGE_TARNAME "noip"
| #define PACKAGE_VERSION "0.1"
| #define PACKAGE_STRING "noip 0.1"
| #define PACKAGE_BUGREPORT ""
| #define PACKAGE_URL ""
| #define PACKAGE "noip"
| #define VERSION "0.1"
| #define GETTEXT_PACKAGE "noip"
| /* end confdefs.h.  */
| #include <ac_nonexistent.h>
configure:5097: result: gcc -E
configure:5117: gcc -E  conftest.c
configure:5117: $? = 0
configure:5131: gcc -E  conftest.c
conftest.c:12:10: fatal error: ac_nonexistent.h: No such file or directory
 #include <ac_nonexistent.h>
          ^~~~~~~~~~~~~~~~~~
compilation terminated.
configure:5131: $? = 1
configure: failed program was:
| /* confdefs.h */
| #define PACKAGE_NAME "noip"
| #define PACKAGE_TARNAME "noip"
| #define PACKAGE_VERSION "0.1"
| #define PACKAGE_STRING "noip 0.1"
| #define PACKAGE_BUGREPORT ""
| #define PACKAGE_URL ""
| #define PACKAGE "noip"
| #define VERSION "0.1"
| #define GETTEXT_PACKAGE "noip"
| /* end confdefs.h.  */
| #include <ac_nonexistent.h>
configure:5160: checking for grep that handles long lines and -e
configure:5218: result: /usr/bin/grep
configure:5223: checking for egrep
configure:5285: result: /usr/bin/grep -E
configure:5290: checking for ANSI C header files
configure:5310: gcc -c -g -O0  conftest.c >&5
configure:5310: $? = 0
configure:5383: gcc -o conftest -g -O0   conftest.c  >&5
configure:5383: $? = 0
configure:5383: ./conftest
configure:5383: $? = 0
configure:5394: result: yes
configure:5407: checking for sys/types.h
configure:5407: gcc -c -g -O0  conftest.c >&5
configure:5407: $? = 0
configure:5407: result: yes
configure:5407: checking for sys/stat.h
configure:5407: gcc -c -g -O0  conftest.c >&5
configure:5407: $? = 0
configure:5407: result: yes
configure:5407: checking for stdlib.h
configure:5407: gcc -c -g -O0  conftest.c >&5
configure:5407: $? = 0
configure:5407: result: yes
configure:5407: checking for string.h
configure:5407: gcc -c -g -O0  conftest.c >&5
configure:5407: $? = 0
configure:5407: result: yes
configure:5407: checking for memory.h
configure:5407: gcc -c -g -O0  conftest.c >&5
configure:5407: $? = 0
configure:5407: result: yes
configure:5407: checking for strings.h
configure:5407: gcc -c -g -O0  conftest.c >&5
configure:5407: $? = 0
configure:5407: result: yes
configure:5407: checking for inttypes.h
configure:5407: gcc -c -g -O0  conftest.c >&5
configure:5407: $? = 0
configure:5407: result: yes
configure:5407: checking for stdint.h
configure:5407: gcc -c -g -O0  conftest.c >&5
configure:5407: $? = 0
configure:5407: result: yes
configure:5407: checking for unistd.h
configure:5407: gcc -c -g -O0  conftest.c >&5
configure:5407: $? = 0
configure:5407: result: yes
configure:5422: checking locale.h usability
configure:5422: gcc -c -g -O0  conftest.c >&5
configure:5422: $? = 0
configure:5422: result: yes
configure:5422: checking locale.h presence
configure:5422: gcc -E  conftest.c
configure:5422: $? = 0
configure:5422: result: yes
configure:5422: checking for locale.h
configure:5422: result: yes
configure:5433: checking for LC_MESSAGES
configure:5449: gcc -o conftest -g -O0   conftest.c  >&5
configure:5449: $? = 0
configure:5457: result: yes
configure:5475: checking for CFPreferencesCopyAppValue
configure:5493: gcc -o conftest -g -O0   conftest.c  -Wl,-framework -Wl,CoreFoundation >&5
conftest.c:24:10: fatal error: CoreFoundation/CFPreferences.h: No such file or directory
 #include <CoreFoundation/CFPreferences.h>
          ^~~~~~~~~~~~~~~~~~~~~~~~~~~~~~~~
compilation terminated.
configure:5493: $? = 1
configure: failed program was:
| /* confdefs.h */
| #define PACKAGE_NAME "noip"
| #define PACKAGE_TARNAME "noip"
| #define PACKAGE_VERSION "0.1"
| #define PACKAGE_STRING "noip 0.1"
| #define PACKAGE_BUGREPORT ""
| #define PACKAGE_URL ""
| #define PACKAGE "noip"
| #define VERSION "0.1"
| #define GETTEXT_PACKAGE "noip"
| #define STDC_HEADERS 1
| #define HAVE_SYS_TYPES_H 1
| #define HAVE_SYS_STAT_H 1
| #define HAVE_STDLIB_H 1
| #define HAVE_STRING_H 1
| #define HAVE_MEMORY_H 1
| #define HAVE_STRINGS_H 1
| #define HAVE_INTTYPES_H 1
| #define HAVE_STDINT_H 1
| #define HAVE_UNISTD_H 1
| #define HAVE_LOCALE_H 1
| #define HAVE_LC_MESSAGES 1
| /* end confdefs.h.  */
| #include <CoreFoundation/CFPreferences.h>
| int
| main ()
| {
| CFPreferencesCopyAppValue(NULL, NULL)
|   ;
|   return 0;
| }
configure:5502: result: no
configure:5509: checking for CFLocaleCopyCurrent
configure:5527: gcc -o conftest -g -O0   conftest.c  -Wl,-framework -Wl,CoreFoundation >&5
conftest.c:24:10: fatal error: CoreFoundation/CFLocale.h: No such file or directory
 #include <CoreFoundation/CFLocale.h>
          ^~~~~~~~~~~~~~~~~~~~~~~~~~~
compilation terminated.
configure:5527: $? = 1
configure: failed program was:
| /* confdefs.h */
| #define PACKAGE_NAME "noip"
| #define PACKAGE_TARNAME "noip"
| #define PACKAGE_VERSION "0.1"
| #define PACKAGE_STRING "noip 0.1"
| #define PACKAGE_BUGREPORT ""
| #define PACKAGE_URL ""
| #define PACKAGE "noip"
| #define VERSION "0.1"
| #define GETTEXT_PACKAGE "noip"
| #define STDC_HEADERS 1
| #define HAVE_SYS_TYPES_H 1
| #define HAVE_SYS_STAT_H 1
| #define HAVE_STDLIB_H 1
| #define HAVE_STRING_H 1
| #define HAVE_MEMORY_H 1
| #define HAVE_STRINGS_H 1
| #define HAVE_INTTYPES_H 1
| #define HAVE_STDINT_H 1
| #define HAVE_UNISTD_H 1
| #define HAVE_LOCALE_H 1
| #define HAVE_LC_MESSAGES 1
| /* end confdefs.h.  */
| #include <CoreFoundation/CFLocale.h>
| int
| main ()
| {
| CFLocaleCopyCurrent();
|   ;
|   return 0;
| }
configure:5536: result: no
configure:5550: checking libintl.h usability
configure:5550: gcc -c -g -O0  conftest.c >&5
configure:5550: $? = 0
configure:5550: result: yes
configure:5550: checking libintl.h presence
configure:5550: gcc -E  conftest.c
configure:5550: $? = 0
configure:5550: result: yes
configure:5550: checking for libintl.h
configure:5550: result: yes
configure:5558: checking for ngettext in libc
configure:5576: gcc -o conftest -g -O0   conftest.c  >&5
configure:5576: $? = 0
configure:5585: result: yes
configure:5589: checking for dgettext in libc
configure:5607: gcc -o conftest -g -O0   conftest.c  >&5
configure:5607: $? = 0
configure:5616: result: yes
configure:5623: checking for bind_textdomain_codeset
configure:5623: gcc -o conftest -g -O0   conftest.c  >&5
configure:5623: $? = 0
configure:5623: result: yes
configure:5899: checking for msgfmt
configure:5926: result: /usr/bin/msgfmt
configure:5937: checking for dcgettext
configure:5937: gcc -o conftest -g -O0   conftest.c   >&5
conftest.c:49:6: warning: conflicting types for built-in function 'dcgettext' [-Wbuiltin-declaration-mismatch]
 char dcgettext ();
      ^~~~~~~~~
configure:5937: $? = 0
configure:5937: result: yes
configure:5947: checking if msgfmt accepts -c
configure:5962: $MSGFMT -c -o /dev/null conftest.foo
conftest.foo:3: warning: header field 'Language' missing in header
configure:5965: $? = 0
configure:5967: result: yes
configure:5977: checking for gmsgfmt
configure:6008: result: /usr/bin/msgfmt
configure:6018: checking for xgettext
configure:6045: result: /usr/bin/xgettext
configure:6064: gcc -o conftest -g -O0   conftest.c   >&5
configure:6064: $? = 0
configure:6237: checking build system type
configure:6251: result: x86_64-pc-linux-gnu
configure:6271: checking host system type
configure:6284: result: x86_64-pc-linux-gnu
configure:6325: checking how to print strings
configure:6352: result: printf
configure:6373: checking for a sed that does not truncate output
configure:6437: result: /usr/bin/sed
configure:6455: checking for fgrep
configure:6517: result: /usr/bin/grep -F
configure:6552: checking for ld used by gcc
configure:6619: result: /usr/bin/ld
configure:6626: checking if the linker (/usr/bin/ld) is GNU ld
configure:6641: result: yes
configure:6653: checking for BSD- or MS-compatible name lister (nm)
configure:6707: result: /usr/bin/nm -B
configure:6837: checking the name lister (/usr/bin/nm -B) interface
configure:6844: gcc -c -g -O0  conftest.c >&5
configure:6847: /usr/bin/nm -B "conftest.o"
configure:6850: output
0000000000000000 B some_variable
configure:6857: result: BSD nm
configure:6860: checking whether ln -s works
configure:6864: result: yes
configure:6872: checking the maximum length of command line arguments
configure:7003: result: 1572864
configure:7051: checking how to convert x86_64-pc-linux-gnu file names to x86_64-pc-linux-gnu format
configure:7091: result: func_convert_file_noop
configure:7098: checking how to convert x86_64-pc-linux-gnu file names to toolchain format
configure:7118: result: func_convert_file_noop
configure:7125: checking for /usr/bin/ld option to reload object files
configure:7132: result: -r
configure:7206: checking for objdump
configure:7222: found /usr/bin/objdump
configure:7233: result: objdump
configure:7265: checking how to recognize dependent libraries
configure:7465: result: pass_all
configure:7550: checking for dlltool
configure:7580: result: no
configure:7610: checking how to associate runtime and link libraries
configure:7637: result: printf %s\n
configure:7697: checking for ar
configure:7713: found /usr/bin/ar
configure:7724: result: ar
configure:7761: checking for archiver @FILE support
configure:7778: gcc -c -g -O0  conftest.c >&5
configure:7778: $? = 0
configure:7781: ar cru libconftest.a @conftest.lst >&5
configure:7784: $? = 0
configure:7789: ar cru libconftest.a @conftest.lst >&5
ar: conftest.o: No such file or directory
configure:7792: $? = 1
configure:7804: result: @
configure:7862: checking for strip
configure:7878: found /usr/bin/strip
configure:7889: result: strip
configure:7961: checking for ranlib
configure:7977: found /usr/bin/ranlib
configure:7988: result: ranlib
configure:8090: checking command to parse /usr/bin/nm -B output from gcc object
configure:8243: gcc -c -g -O0  conftest.c >&5
configure:8246: $? = 0
configure:8250: /usr/bin/nm -B conftest.o \| sed -n -e 's/^.*[ ]\([ABCDGIRSTW][ABCDGIRSTW]*\)[ ][ ]*\([_A-Za-z][_A-Za-z0-9]*\)$/\1 \2 \2/p' | sed '/ __gnu_lto/d' \> conftest.nm
configure:8253: $? = 0
configure:8319: gcc -o conftest -g -O0   conftest.c conftstm.o >&5
configure:8322: $? = 0
configure:8360: result: ok
configure:8407: checking for sysroot
configure:8437: result: no
configure:8444: checking for a working dd
configure:8482: result: /usr/bin/dd
configure:8486: checking how to truncate binary pipes
configure:8501: result: /usr/bin/dd bs=4096 count=1
configure:8637: gcc -c -g -O0  conftest.c >&5
configure:8640: $? = 0
configure:8830: checking for mt
configure:8860: result: no
configure:8880: checking if : is a manifest tool
configure:8886: : '-?'
configure:8894: result: no
configure:9568: checking for dlfcn.h
configure:9568: gcc -c -g -O0  conftest.c >&5
configure:9568: $? = 0
configure:9568: result: yes
configure:9835: checking for objdir
configure:9850: result: .libs
configure:10110: checking if gcc supports -fno-rtti -fno-exceptions
configure:10128: gcc -c -g -O0  -fno-rtti -fno-exceptions conftest.c >&5
cc1: warning: command line option '-fno-rtti' is valid for C++/ObjC++ but not for C
configure:10132: $? = 0
configure:10145: result: no
configure:10503: checking for gcc option to produce PIC
configure:10510: result: -fPIC -DPIC
configure:10518: checking if gcc PIC flag -fPIC -DPIC works
configure:10536: gcc -c -g -O0  -fPIC -DPIC -DPIC conftest.c >&5
configure:10540: $? = 0
configure:10553: result: yes
configure:10582: checking if gcc static flag -static works
configure:10610: result: no
configure:10625: checking if gcc supports -c -o file.o
configure:10646: gcc -c -g -O0  -o out/conftest2.o conftest.c >&5
configure:10650: $? = 0
configure:10672: result: yes
configure:10680: checking if gcc supports -c -o file.o
configure:10727: result: yes
configure:10760: checking whether the gcc linker (/usr/bin/ld -m elf_x86_64) supports shared libraries
configure:12019: result: yes
configure:12056: checking whether -lc should be explicitly linked in
configure:12064: gcc -c -g -O0  conftest.c >&5
configure:12067: $? = 0
configure:12082: gcc -shared  -fPIC -DPIC conftest.o  -v -Wl,-soname -Wl,conftest -o conftest 2\>\&1 \| /usr/bin/grep  -lc  \>/dev/null 2\>\&1
configure:12085: $? = 0
configure:12099: result: no
configure:12259: checking dynamic linker characteristics
configure:12840: gcc -o conftest -g -O0   -Wl,-rpath -Wl,/foo conftest.c  >&5
configure:12840: $? = 0
configure:13080: result: GNU/Linux ld.so
configure:13202: checking how to hardcode library paths into programs
configure:13227: result: immediate
configure:13775: checking whether stripping libraries is possible
configure:13780: result: yes
configure:13815: checking if libtool supports shared libraries
configure:13817: result: yes
configure:13820: checking whether to build shared libraries
configure:13845: result: yes
configure:13848: checking whether to build static libraries
configure:13852: result: yes
configure:13875: checking how to run the C++ preprocessor
configure:13902: g++ -E  conftest.cpp
configure:13902: $? = 0
configure:13916: g++ -E  conftest.cpp
conftest.cpp:30:10: fatal error: ac_nonexistent.h: No such file or directory
 #include <ac_nonexistent.h>
          ^~~~~~~~~~~~~~~~~~
compilation terminated.
configure:13916: $? = 1
configure: failed program was:
| /* confdefs.h */
| #define PACKAGE_NAME "noip"
| #define PACKAGE_TARNAME "noip"
| #define PACKAGE_VERSION "0.1"
| #define PACKAGE_STRING "noip 0.1"
| #define PACKAGE_BUGREPORT ""
| #define PACKAGE_URL ""
| #define PACKAGE "noip"
| #define VERSION "0.1"
| #define GETTEXT_PACKAGE "noip"
| #define STDC_HEADERS 1
| #define HAVE_SYS_TYPES_H 1
| #define HAVE_SYS_STAT_H 1
| #define HAVE_STDLIB_H 1
| #define HAVE_STRING_H 1
| #define HAVE_MEMORY_H 1
| #define HAVE_STRINGS_H 1
| #define HAVE_INTTYPES_H 1
| #define HAVE_STDINT_H 1
| #define HAVE_UNISTD_H 1
| #define HAVE_LOCALE_H 1
| #define HAVE_LC_MESSAGES 1
| #define HAVE_BIND_TEXTDOMAIN_CODESET 1
| #define HAVE_GETTEXT 1
| #define HAVE_DCGETTEXT 1
| #define ENABLE_NLS 1
| #define HAVE_DLFCN_H 1
| #define LT_OBJDIR ".libs/"
| /* end confdefs.h.  */
| #include <ac_nonexistent.h>
configure:13941: result: g++ -E
configure:13961: g++ -E  conftest.cpp
configure:13961: $? = 0
configure:13975: g++ -E  conftest.cpp
conftest.cpp:30:10: fatal error: ac_nonexistent.h: No such file or directory
 #include <ac_nonexistent.h>
          ^~~~~~~~~~~~~~~~~~
compilation terminated.
configure:13975: $? = 1
configure: failed program was:
| /* confdefs.h */
| #define PACKAGE_NAME "noip"
| #define PACKAGE_TARNAME "noip"
| #define PACKAGE_VERSION "0.1"
| #define PACKAGE_STRING "noip 0.1"
| #define PACKAGE_BUGREPORT ""
| #define PACKAGE_URL ""
| #define PACKAGE "noip"
| #define VERSION "0.1"
| #define GETTEXT_PACKAGE "noip"
| #define STDC_HEADERS 1
| #define HAVE_SYS_TYPES_H 1
| #define HAVE_SYS_STAT_H 1
| #define HAVE_STDLIB_H 1
| #define HAVE_STRING_H 1
| #define HAVE_MEMORY_H 1
| #define HAVE_STRINGS_H 1
| #define HAVE_INTTYPES_H 1
| #define HAVE_STDINT_H 1
| #define HAVE_UNISTD_H 1
| #define HAVE_LOCALE_H 1
| #define HAVE_LC_MESSAGES 1
| #define HAVE_BIND_TEXTDOMAIN_CODESET 1
| #define HAVE_GETTEXT 1
| #define HAVE_DCGETTEXT 1
| #define ENABLE_NLS 1
| #define HAVE_DLFCN_H 1
| #define LT_OBJDIR ".libs/"
| /* end confdefs.h.  */
| #include <ac_nonexistent.h>
configure:14137: checking for ld used by g++
configure:14204: result: /usr/bin/ld -m elf_x86_64
configure:14211: checking if the linker (/usr/bin/ld -m elf_x86_64) is GNU ld
configure:14226: result: yes
configure:14281: checking whether the g++ linker (/usr/bin/ld -m elf_x86_64) supports shared libraries
configure:15354: result: yes
configure:15390: g++ -c -g -O0  conftest.cpp >&5
configure:15393: $? = 0
configure:15874: checking for g++ option to produce PIC
configure:15881: result: -fPIC -DPIC
configure:15889: checking if g++ PIC flag -fPIC -DPIC works
configure:15907: g++ -c -g -O0  -fPIC -DPIC -DPIC conftest.cpp >&5
configure:15911: $? = 0
configure:15924: result: yes
configure:15947: checking if g++ static flag -static works
configure:15975: result: no
configure:15987: checking if g++ supports -c -o file.o
configure:16008: g++ -c -g -O0  -o out/conftest2.o conftest.cpp >&5
configure:16012: $? = 0
configure:16034: result: yes
configure:16039: checking if g++ supports -c -o file.o
configure:16086: result: yes
configure:16116: checking whether the g++ linker (/usr/bin/ld -m elf_x86_64) supports shared libraries
configure:16156: result: yes
configure:16297: checking dynamic linker characteristics
configure:17045: result: GNU/Linux ld.so
configure:17110: checking how to hardcode library paths into programs
configure:17135: result: immediate
configure:17312: checking that generated files are newer than configure
configure:17318: result: done
configure:17349: creating ./config.status

## ---------------------- ##
## Running config.status. ##
## ---------------------- ##

This file was extended by noip config.status 0.1, which was
generated by GNU Autoconf 2.69.  Invocation command line was

  CONFIG_FILES    = 
  CONFIG_HEADERS  = 
  CONFIG_LINKS    = 
  CONFIG_COMMANDS = 
  $ ./config.status 

on localhost.localdomain

config.status:1226: creating Makefile
config.status:1226: creating src/Makefile
config.status:1226: creating po/Makefile.in
config.status:1226: creating config.h
config.status:1440: executing depfiles commands
config.status:1440: executing default-1 commands
config.status:1440: executing libtool commands
config.status:1440: executing po/stamp-it commands
configure:19781: WARNING: unrecognized options: --enable-maintainer-mode

## ---------------- ##
## Cache variables. ##
## ---------------- ##

ac_cv_build=x86_64-pc-linux-gnu
ac_cv_c_compiler_gnu=yes
ac_cv_cxx_compiler_gnu=yes
ac_cv_env_CCC_set=
ac_cv_env_CCC_value=
ac_cv_env_CC_set=
ac_cv_env_CC_value=
ac_cv_env_CFLAGS_set=set
ac_cv_env_CFLAGS_value='-g -O0'
ac_cv_env_CPPFLAGS_set=
ac_cv_env_CPPFLAGS_value=
ac_cv_env_CPP_set=
ac_cv_env_CPP_value=
ac_cv_env_CXXCPP_set=
ac_cv_env_CXXCPP_value=
ac_cv_env_CXXFLAGS_set=set
ac_cv_env_CXXFLAGS_value='-g -O0'
ac_cv_env_CXX_set=
ac_cv_env_CXX_value=
ac_cv_env_LDFLAGS_set=
ac_cv_env_LDFLAGS_value=
ac_cv_env_LIBS_set=
ac_cv_env_LIBS_value=
ac_cv_env_LT_SYS_LIBRARY_PATH_set=
ac_cv_env_LT_SYS_LIBRARY_PATH_value=
ac_cv_env_build_alias_set=
ac_cv_env_build_alias_value=
ac_cv_env_host_alias_set=
ac_cv_env_host_alias_value=
ac_cv_env_target_alias_set=
ac_cv_env_target_alias_value=
ac_cv_func_bind_textdomain_codeset=yes
ac_cv_func_dcgettext=yes
ac_cv_header_dlfcn_h=yes
ac_cv_header_inttypes_h=yes
ac_cv_header_libintl_h=yes
ac_cv_header_locale_h=yes
ac_cv_header_memory_h=yes
ac_cv_header_stdc=yes
ac_cv_header_stdint_h=yes
ac_cv_header_stdlib_h=yes
ac_cv_header_string_h=yes
ac_cv_header_strings_h=yes
ac_cv_header_sys_stat_h=yes
ac_cv_header_sys_types_h=yes
ac_cv_header_unistd_h=yes
ac_cv_host=x86_64-pc-linux-gnu
ac_cv_objext=o
ac_cv_path_EGREP='/usr/bin/grep -E'
ac_cv_path_FGREP='/usr/bin/grep -F'
ac_cv_path_GMSGFMT=/usr/bin/msgfmt
ac_cv_path_GREP=/usr/bin/grep
ac_cv_path_INTLTOOL_EXTRACT=/usr/bin/intltool-extract
ac_cv_path_INTLTOOL_MERGE=/usr/bin/intltool-merge
ac_cv_path_INTLTOOL_PERL=/usr/bin/perl
ac_cv_path_INTLTOOL_UPDATE=/usr/bin/intltool-update
ac_cv_path_MSGFMT=/usr/bin/msgfmt
ac_cv_path_MSGMERGE=/usr/bin/msgmerge
ac_cv_path_SED=/usr/bin/sed
ac_cv_path_XGETTEXT=/usr/bin/xgettext
ac_cv_path_install='/usr/bin/install -c'
ac_cv_path_lt_DD=/usr/bin/dd
ac_cv_path_mkdir=/usr/bin/mkdir
ac_cv_prog_AWK=gawk
ac_cv_prog_CPP='gcc -E'
ac_cv_prog_CXXCPP='g++ -E'
ac_cv_prog_ac_ct_AR=ar
ac_cv_prog_ac_ct_CC=gcc
ac_cv_prog_ac_ct_CXX=g++
ac_cv_prog_ac_ct_OBJDUMP=objdump
ac_cv_prog_ac_ct_RANLIB=ranlib
ac_cv_prog_ac_ct_STRIP=strip
ac_cv_prog_cc_c89=
ac_cv_prog_cc_g=yes
ac_cv_prog_cxx_g=yes
ac_cv_prog_make_make_set=yes
am_cv_CC_dependencies_compiler_type=gcc3
am_cv_CXX_dependencies_compiler_type=gcc3
am_cv_make_support_nested_variables=yes
am_cv_prog_cc_c_o=yes
am_cv_val_LC_MESSAGES=yes
gt_cv_func_CFLocaleCopyCurrent=no
gt_cv_func_CFPreferencesCopyAppValue=no
gt_cv_func_dgettext_libc=yes
gt_cv_func_dgettext_libintl=no
gt_cv_func_ngettext_libc=yes
gt_cv_have_gettext=yes
lt_cv_ar_at_file=@
lt_cv_archive_cmds_need_lc=no
lt_cv_deplibs_check_method=pass_all
lt_cv_file_magic_cmd='$MAGIC_CMD'
lt_cv_file_magic_test_file=
lt_cv_ld_reload_flag=-r
lt_cv_nm_interface='BSD nm'
lt_cv_objdir=.libs
lt_cv_path_LD=/usr/bin/ld
lt_cv_path_LDCXX='/usr/bin/ld -m elf_x86_64'
lt_cv_path_NM='/usr/bin/nm -B'
lt_cv_path_mainfest_tool=no
lt_cv_prog_compiler_c_o=yes
lt_cv_prog_compiler_c_o_CXX=yes
lt_cv_prog_compiler_pic='-fPIC -DPIC'
lt_cv_prog_compiler_pic_CXX='-fPIC -DPIC'
lt_cv_prog_compiler_pic_works=yes
lt_cv_prog_compiler_pic_works_CXX=yes
lt_cv_prog_compiler_rtti_exceptions=no
lt_cv_prog_compiler_static_works=no
lt_cv_prog_compiler_static_works_CXX=no
lt_cv_prog_gnu_ld=yes
lt_cv_prog_gnu_ldcxx=yes
lt_cv_sharedlib_from_linklib_cmd='printf %s\n'
lt_cv_shlibpath_overrides_runpath=no
lt_cv_sys_global_symbol_pipe='sed -n -e '\''s/^.*[	 ]\([ABCDGIRSTW][ABCDGIRSTW]*\)[	 ][	 ]*\([_A-Za-z][_A-Za-z0-9]*\)$/\1 \2 \2/p'\'' | sed '\''/ __gnu_lto/d'\'''
lt_cv_sys_global_symbol_to_c_name_address='sed -n -e '\''s/^: \(.*\) .*$/  {"\1", (void *) 0},/p'\'' -e '\''s/^[ABCDGIRSTW][ABCDGIRSTW]* .* \(.*\)$/  {"\1", (void *) \&\1},/p'\'''
lt_cv_sys_global_symbol_to_c_name_address_lib_prefix='sed -n -e '\''s/^: \(.*\) .*$/  {"\1", (void *) 0},/p'\'' -e '\''s/^[ABCDGIRSTW][ABCDGIRSTW]* .* \(lib.*\)$/  {"\1", (void *) \&\1},/p'\'' -e '\''s/^[ABCDGIRSTW][ABCDGIRSTW]* .* \(.*\)$/  {"lib\1", (void *) \&\1},/p'\'''
lt_cv_sys_global_symbol_to_cdecl='sed -n -e '\''s/^T .* \(.*\)$/extern int \1();/p'\'' -e '\''s/^[ABCDGIRSTW][ABCDGIRSTW]* .* \(.*\)$/extern char \1;/p'\'''
lt_cv_sys_global_symbol_to_import=
lt_cv_sys_max_cmd_len=1572864
lt_cv_to_host_file_cmd=func_convert_file_noop
lt_cv_to_tool_file_cmd=func_convert_file_noop
lt_cv_truncate_bin='/usr/bin/dd bs=4096 count=1'

## ----------------- ##
## Output variables. ##
## ----------------- ##

ACLOCAL='${SHELL} /home/harry/NOIP/missing aclocal-1.15'
ALL_LINGUAS=''
AMDEPBACKSLASH='\'
AMDEP_FALSE='#'
AMDEP_TRUE=''
AMTAR='$${TAR-tar}'
AM_BACKSLASH='\'
AM_DEFAULT_V='$(AM_DEFAULT_VERBOSITY)'
AM_DEFAULT_VERBOSITY='0'
AM_V='$(V)'
AR='ar'
AUTOCONF='${SHELL} /home/harry/NOIP/missing autoconf'
AUTOHEADER='${SHELL} /home/harry/NOIP/missing autoheader'
AUTOMAKE='${SHELL} /home/harry/NOIP/missing automake-1.15'
AWK='gawk'
CATALOGS=''
CATOBJEXT='.gmo'
CC='gcc'
CCDEPMODE='depmode=gcc3'
CFLAGS='-g -O0'
CPP='gcc -E'
CPPFLAGS=''
CXX='g++'
CXXCPP='g++ -E'
CXXDEPMODE='depmode=gcc3'
CXXFLAGS='-g -O0'
CYGPATH_W='echo'
DATADIRNAME='share'
DEFS='-DHAVE_CONFIG_H'
DEPDIR='.deps'
DLLTOOL='false'
DSYMUTIL=''
DUMPBIN=''
ECHO_C=''
ECHO_N='-n'
ECHO_T=''
EGREP='/usr/bin/grep -E'
EXEEXT=''
FGREP='/usr/bin/grep -F'
GETTEXT_PACKAGE='noip'
GMOFILES=''
GMSGFMT='/usr/bin/msgfmt'
GREP='/usr/bin/grep'
INSTALL_DATA='${INSTALL} -m 644'
INSTALL_PROGRAM='${INSTALL}'
INSTALL_SCRIPT='${INSTALL}'
INSTALL_STRIP_PROGRAM='$(install_sh) -c -s'
INSTOBJEXT='.mo'
INTLLIBS=''
INTLTOOL_CAVES_RULE='%.caves:     %.caves.in     $(INTLTOOL_MERGE) $(wildcard $(top_srcdir)/po/*.po) ; $(INTLTOOL_V_MERGE)LC_ALL=C $(INTLTOOL_MERGE) $(INTLTOOL_V_MERGE_OPTIONS) -d -u -c $(top_builddir)/po/.intltool-merge-cache $(top_srcdir)/po $< $@'
INTLTOOL_DESKTOP_RULE='%.desktop:   %.desktop.in   $(INTLTOOL_MERGE) $(wildcard $(top_srcdir)/po/*.po) ; $(INTLTOOL_V_MERGE)LC_ALL=C $(INTLTOOL_MERGE) $(INTLTOOL_V_MERGE_OPTIONS) -d -u -c $(top_builddir)/po/.intltool-merge-cache $(top_srcdir)/po $< $@'
INTLTOOL_DIRECTORY_RULE='%.directory: %.directory.in $(INTLTOOL_MERGE) $(wildcard $(top_srcdir)/po/*.po) ; $(INTLTOOL_V_MERGE)LC_ALL=C $(INTLTOOL_MERGE) $(INTLTOOL_V_MERGE_OPTIONS) -d -u -c $(top_builddir)/po/.intltool-merge-cache $(top_srcdir)/po $< $@'
INTLTOOL_EXTRACT='/usr/bin/intltool-extract'
INTLTOOL_KBD_RULE='%.kbd:       %.kbd.in       $(INTLTOOL_MERGE) $(wildcard $(top_srcdir)/po/*.po) ; $(INTLTOOL_V_MERGE)LC_ALL=C $(INTLTOOL_MERGE) $(INTLTOOL_V_MERGE_OPTIONS) -x -u -m -c $(top_builddir)/po/.intltool-merge-cache $(top_srcdir)/po $< $@'
INTLTOOL_KEYS_RULE='%.keys:      %.keys.in      $(INTLTOOL_MERGE) $(wildcard $(top_srcdir)/po/*.po) ; $(INTLTOOL_V_MERGE)LC_ALL=C $(INTLTOOL_MERGE) $(INTLTOOL_V_MERGE_OPTIONS) -k -u -c $(top_builddir)/po/.intltool-merge-cache $(top_srcdir)/po $< $@'
INTLTOOL_MERGE='/usr/bin/intltool-merge'
INTLTOOL_OAF_RULE='%.oaf:       %.oaf.in       $(INTLTOOL_MERGE) $(wildcard $(top_srcdir)/po/*.po) ; $(INTLTOOL_V_MERGE)LC_ALL=C $(INTLTOOL_MERGE) $(INTLTOOL_V_MERGE_OPTIONS) -o -p $(top_srcdir)/po $< $@'
INTLTOOL_PERL='/usr/bin/perl'
INTLTOOL_POLICY_RULE='%.policy:    %.policy.in    $(INTLTOOL_MERGE) $(wildcard $(top_srcdir)/po/*.po) ; $(INTLTOOL_V_MERGE)LC_ALL=C $(INTLTOOL_MERGE) $(INTLTOOL_V_MERGE_OPTIONS) -x -u -c $(top_builddir)/po/.intltool-merge-cache $(top_srcdir)/po $< $@'
INTLTOOL_PONG_RULE='%.pong:      %.pong.in      $(INTLTOOL_MERGE) $(wildcard $(top_srcdir)/po/*.po) ; $(INTLTOOL_V_MERGE)LC_ALL=C $(INTLTOOL_MERGE) $(INTLTOOL_V_MERGE_OPTIONS) -x -u -c $(top_builddir)/po/.intltool-merge-cache $(top_srcdir)/po $< $@'
INTLTOOL_PROP_RULE='%.prop:      %.prop.in      $(INTLTOOL_MERGE) $(wildcard $(top_srcdir)/po/*.po) ; $(INTLTOOL_V_MERGE)LC_ALL=C $(INTLTOOL_MERGE) $(INTLTOOL_V_MERGE_OPTIONS) -d -u -c $(top_builddir)/po/.intltool-merge-cache $(top_srcdir)/po $< $@'
INTLTOOL_SCHEMAS_RULE='%.schemas:   %.schemas.in   $(INTLTOOL_MERGE) $(wildcard $(top_srcdir)/po/*.po) ; $(INTLTOOL_V_MERGE)LC_ALL=C $(INTLTOOL_MERGE) $(INTLTOOL_V_MERGE_OPTIONS) -s -u -c $(top_builddir)/po/.intltool-merge-cache $(top_srcdir)/po $< $@'
INTLTOOL_SERVER_RULE='%.server:    %.server.in    $(INTLTOOL_MERGE) $(wildcard $(top_srcdir)/po/*.po) ; $(INTLTOOL_V_MERGE)LC_ALL=C $(INTLTOOL_MERGE) $(INTLTOOL_V_MERGE_OPTIONS) -o -u -c $(top_builddir)/po/.intltool-merge-cache $(top_srcdir)/po $< $@'
INTLTOOL_SERVICE_RULE='%.service: %.service.in   $(INTLTOOL_MERGE) $(wildcard $(top_srcdir)/po/*.po) ; $(INTLTOOL_V_MERGE)LC_ALL=C $(INTLTOOL_MERGE) $(INTLTOOL_V_MERGE_OPTIONS) -d -u -c $(top_builddir)/po/.intltool-merge-cache $(top_srcdir)/po $< $@'
INTLTOOL_SHEET_RULE='%.sheet:     %.sheet.in     $(INTLTOOL_MERGE) $(wildcard $(top_srcdir)/po/*.po) ; $(INTLTOOL_V_MERGE)LC_ALL=C $(INTLTOOL_MERGE) $(INTLTOOL_V_MERGE_OPTIONS) -x -u -c $(top_builddir)/po/.intltool-merge-cache $(top_srcdir)/po $< $@'
INTLTOOL_SOUNDLIST_RULE='%.soundlist: %.soundlist.in $(INTLTOOL_MERGE) $(wildcard $(top_srcdir)/po/*.po) ; $(INTLTOOL_V_MERGE)LC_ALL=C $(INTLTOOL_MERGE) $(INTLTOOL_V_MERGE_OPTIONS) -d -u -c $(top_builddir)/po/.intltool-merge-cache $(top_srcdir)/po $< $@'
INTLTOOL_THEME_RULE='%.theme:     %.theme.in     $(INTLTOOL_MERGE) $(wildcard $(top_srcdir)/po/*.po) ; $(INTLTOOL_V_MERGE)LC_ALL=C $(INTLTOOL_MERGE) $(INTLTOOL_V_MERGE_OPTIONS) -d -u -c $(top_builddir)/po/.intltool-merge-cache $(top_srcdir)/po $< $@'
INTLTOOL_UI_RULE='%.ui:        %.ui.in        $(INTLTOOL_MERGE) $(wildcard $(top_srcdir)/po/*.po) ; $(INTLTOOL_V_MERGE)LC_ALL=C $(INTLTOOL_MERGE) $(INTLTOOL_V_MERGE_OPTIONS) -x -u -c $(top_builddir)/po/.intltool-merge-cache $(top_srcdir)/po $< $@'
INTLTOOL_UPDATE='/usr/bin/intltool-update'
INTLTOOL_V_MERGE='$(INTLTOOL__v_MERGE_$(V))'
INTLTOOL_V_MERGE_OPTIONS='$(intltool__v_merge_options_$(V))'
INTLTOOL_XAM_RULE='%.xam:       %.xml.in       $(INTLTOOL_MERGE) $(wildcard $(top_srcdir)/po/*.po) ; $(INTLTOOL_V_MERGE)LC_ALL=C $(INTLTOOL_MERGE) $(INTLTOOL_V_MERGE_OPTIONS) -x -u -c $(top_builddir)/po/.intltool-merge-cache $(top_srcdir)/po $< $@'
INTLTOOL_XML_NOMERGE_RULE='%.xml:       %.xml.in       $(INTLTOOL_MERGE) ; $(INTLTOOL_V_MERGE)LC_ALL=C $(INTLTOOL_MERGE) $(INTLTOOL_V_MERGE_OPTIONS) -x -u --no-translations $< $@'
INTLTOOL_XML_RULE='%.xml:       %.xml.in       $(INTLTOOL_MERGE) $(wildcard $(top_srcdir)/po/*.po) ; $(INTLTOOL_V_MERGE)LC_ALL=C $(INTLTOOL_MERGE) $(INTLTOOL_V_MERGE_OPTIONS) -x -u -c $(top_builddir)/po/.intltool-merge-cache $(top_srcdir)/po $< $@'
INTLTOOL__v_MERGE_0='@echo "  ITMRG " $@;'
INTLTOOL__v_MERGE_='$(INTLTOOL__v_MERGE_$(AM_DEFAULT_VERBOSITY))'
INTL_MACOSX_LIBS=''
LD='/usr/bin/ld -m elf_x86_64'
LDFLAGS=''
LIBOBJS=''
LIBS=''
LIBTOOL='$(SHELL) $(top_builddir)/libtool'
LIPO=''
LN_S='ln -s'
LTLIBOBJS=''
LT_SYS_LIBRARY_PATH=''
MAKEINFO='${SHELL} /home/harry/NOIP/missing makeinfo'
MANIFEST_TOOL=':'
MKDIR_P='/usr/bin/mkdir -p'
MKINSTALLDIRS='/home/harry/NOIP/mkinstalldirs'
MSGFMT='/usr/bin/msgfmt'
MSGFMT_OPTS='-c'
MSGMERGE='/usr/bin/msgmerge'
NM='/usr/bin/nm -B'
NMEDIT=''
OBJDUMP='objdump'
OBJEXT='o'
OTOOL64=''
OTOOL=''
PACKAGE='noip'
PACKAGE_BUGREPORT=''
PACKAGE_NAME='noip'
PACKAGE_STRING='noip 0.1'
PACKAGE_TARNAME='noip'
PACKAGE_URL=''
PACKAGE_VERSION='0.1'
PATH_SEPARATOR=':'
POFILES=''
POSUB='po'
PO_IN_DATADIR_FALSE=''
PO_IN_DATADIR_TRUE=''
RANLIB='ranlib'
SED='/usr/bin/sed'
SET_MAKE=''
SHELL='/bin/sh'
STRIP='strip'
USE_NLS='yes'
VERSION='0.1'
XGETTEXT='/usr/bin/xgettext'
ac_ct_AR='ar'
ac_ct_CC='gcc'
ac_ct_CXX='g++'
ac_ct_DUMPBIN=''
am__EXEEXT_FALSE=''
am__EXEEXT_TRUE='#'
am__fastdepCC_FALSE='#'
am__fastdepCC_TRUE=''
am__fastdepCXX_FALSE='#'
am__fastdepCXX_TRUE=''
am__include='include'
am__isrc=' -I$(srcdir)'
am__leading_dot='.'
am__nodep='_no'
am__quote=''
am__tar='$${TAR-tar} chof - "$$tardir"'
am__untar='$${TAR-tar} xf -'
bindir='${exec_prefix}/bin'
build='x86_64-pc-linux-gnu'
build_alias=''
build_cpu='x86_64'
build_os='linux-gnu'
build_vendor='pc'
datadir='${datarootdir}'
datarootdir='${prefix}/share'
docdir='${datarootdir}/doc/${PACKAGE_TARNAME}'
dvidir='${docdir}'
exec_prefix='${prefix}'
host='x86_64-pc-linux-gnu'
host_alias=''
host_cpu='x86_64'
host_os='linux-gnu'
host_vendor='pc'
htmldir='${docdir}'
includedir='${prefix}/include'
infodir='${datarootdir}/info'
install_sh='${SHELL} /home/harry/NOIP/install-sh'
intltool__v_merge_options_0='-q'
intltool__v_merge_options_='$(intltool__v_merge_options_$(AM_DEFAULT_VERBOSITY))'
libdir='${exec_prefix}/lib'
libexecdir='${exec_prefix}/libexec'
localedir='${datarootdir}/locale'
localstatedir='${prefix}/var'
mandir='${datarootdir}/man'
mkdir_p='$(MKDIR_P)'
oldincludedir='/usr/include'
pdfdir='${docdir}'
prefix='/usr/local'
program_transform_name='s,x,x,'
psdir='${docdir}'
sbindir='${exec_prefix}/sbin'
sharedstatedir='${prefix}/com'
sysconfdir='${prefix}/etc'
target_alias=''

## ----------- ##
## confdefs.h. ##
## ----------- ##

/* confdefs.h */
#define PACKAGE_NAME "noip"
#define PACKAGE_TARNAME "noip"
#define PACKAGE_VERSION "0.1"
#define PACKAGE_STRING "noip 0.1"
#define PACKAGE_BUGREPORT ""
#define PACKAGE_URL ""
#define PACKAGE "noip"
#define VERSION "0.1"
#define GETTEXT_PACKAGE "noip"
#define STDC_HEADERS 1
#define HAVE_SYS_TYPES_H 1
#define HAVE_SYS_STAT_H 1
#define HAVE_STDLIB_H 1
#define HAVE_STRING_H 1
#define HAVE_MEMORY_H 1
#define HAVE_STRINGS_H 1
#define HAVE_INTTYPES_H 1
#define HAVE_STDINT_H 1
#define HAVE_UNISTD_H 1
#define HAVE_LOCALE_H 1
#define HAVE_LC_MESSAGES 1
#define HAVE_BIND_TEXTDOMAIN_CODESET 1
#define HAVE_GETTEXT 1
#define HAVE_DCGETTEXT 1
#define ENABLE_NLS 1
#define HAVE_DLFCN_H 1
#define LT_OBJDIR ".libs/"

configure: exit 0
